<?xml version="1.0" encoding="UTF-8"?>
<!-- Generated by org.testng.reporters.JUnitReportReporter -->
<testsuite hostname="SHILIN2886" name="example.NewTest3" tests="1" failures="0" timestamp="29 May 2019 00:22:27 GMT" time="14.997" errors="0">
  <testcase name="test3" time="14.997" classname="example.NewTest3"/>
</testsuite> <!-- example.NewTest3 -->
