<?xml version="1.0" encoding="UTF-8"?>
<!-- Generated by org.testng.reporters.JUnitReportReporter -->
<testsuite hostname="SHILIN2886" name="example.NewTest" tests="1" failures="0" timestamp="29 May 2019 00:20:37 GMT" time="38.471" errors="0">
  <testcase name="test1" time="38.471" classname="example.NewTest"/>
</testsuite> <!-- example.NewTest -->
