<?xml version="1.0" encoding="UTF-8"?>
<!-- Generated by org.testng.reporters.JUnitReportReporter -->
<testsuite hostname="SHILIN2886" name="example.NewTest1" tests="1" failures="0" timestamp="29 May 2019 00:20:37 GMT" time="11.716" errors="0">
  <testcase name="test1" time="11.716" classname="example.NewTest1"/>
</testsuite> <!-- example.NewTest1 -->
