<?xml version="1.0" encoding="UTF-8"?>
<!-- Generated by org.testng.reporters.JUnitReportReporter -->
<testsuite hostname="SHILIN2886" name="example.NewTest4" tests="1" failures="0" timestamp="29 May 2019 00:20:37 GMT" time="12.800" errors="0">
  <testcase name="test4" time="12.800" classname="example.NewTest4"/>
</testsuite> <!-- example.NewTest4 -->
