<?xml version="1.0" encoding="UTF-8"?>
<!-- Generated by org.testng.reporters.JUnitReportReporter -->
<testsuite hostname="SHILIN2886" name="example.NewTest2" tests="1" failures="0" timestamp="29 May 2019 00:24:08 GMT" time="15.830" errors="0">
  <testcase name="test2" time="15.830" classname="example.NewTest2"/>
</testsuite> <!-- example.NewTest2 -->
